2023-08-23 03:51:24,410 ERROR [HttpClient] Error HTTP 404 executing https://chromedriver.storage.googleapis.com/LATEST_RELEASE_116 
2023-08-23 03:51:24,412 WARN  [VersionDetector] Exception reading https://chromedriver.storage.googleapis.com/LATEST_RELEASE_116 to get latest version of chromedriver (Error HTTP 404 executing https://chromedriver.storage.googleapis.com/LATEST_RELEASE_116) 
2023-08-23 03:51:24,519 INFO  [WebDriverManager] Reading https://chromedriver.storage.googleapis.com/ to seek chromedriver 
2023-08-23 03:51:25,576 INFO  [Downloader] Downloading https://chromedriver.storage.googleapis.com/114.0.5735.90/chromedriver_win32.zip 
2023-08-23 03:51:26,087 INFO  [Downloader] Extracting driver from compressed file chromedriver_win32.zip 
2023-08-23 03:51:26,182 INFO  [WebDriverManager] Exporting webdriver.chrome.driver as C:\Users\volka\.cache\selenium\chromedriver\win32\114.0.5735.90\chromedriver.exe 
2023-08-23 04:01:42,374 ERROR [HttpClient] Error HTTP 404 executing https://chromedriver.storage.googleapis.com/LATEST_RELEASE_116 
2023-08-23 04:01:42,377 WARN  [VersionDetector] Exception reading https://chromedriver.storage.googleapis.com/LATEST_RELEASE_116 to get latest version of chromedriver (Error HTTP 404 executing https://chromedriver.storage.googleapis.com/LATEST_RELEASE_116) 
2023-08-23 04:01:42,473 INFO  [WebDriverManager] Reading https://chromedriver.storage.googleapis.com/ to seek chromedriver 
2023-08-23 04:01:43,550 INFO  [Downloader] Downloading https://chromedriver.storage.googleapis.com/114.0.5735.90/chromedriver_win32.zip 
2023-08-23 04:01:44,046 INFO  [Downloader] Extracting driver from compressed file chromedriver_win32.zip 
2023-08-23 04:01:44,143 INFO  [WebDriverManager] Exporting webdriver.chrome.driver as C:\Users\volka\.cache\selenium\chromedriver\win32\114.0.5735.90\chromedriver.exe 
2023-08-23 04:01:44,152 INFO  [WebDriverManager] Using chromedriver 114.0.5735.90 (resolved driver for Chrome 116) 
2023-08-23 04:01:44,156 INFO  [WebDriverManager] Reading https://chromedriver.storage.googleapis.com/ to seek chromedriver 
2023-08-23 04:01:45,318 INFO  [Downloader] Downloading https://chromedriver.storage.googleapis.com/114.0.5735.90/chromedriver_win32.zip 
2023-08-23 04:01:45,817 INFO  [Downloader] Extracting driver from compressed file chromedriver_win32.zip 
2023-08-23 04:01:45,912 INFO  [WebDriverManager] Exporting webdriver.chrome.driver as C:\Users\volka\.cache\selenium\chromedriver\win32\114.0.5735.90\chromedriver.exe 
2023-08-23 10:13:55,946 INFO  [Log] Turkcell web sitesine gidildi. 
2023-08-23 10:13:56,562 INFO  [Log] Web sitesi kapatıldı. 
2023-08-23 10:13:56,603 INFO  [Log]  Turkcell web sitesine gidildi.  
2023-08-23 10:14:45,114 INFO  [Log] Turkcell web sitesine gidildi. 
2023-08-23 10:14:45,737 INFO  [Log] Web sitesi kapatıldı. 
2023-08-23 10:14:45,777 INFO  [Log]  Turkcell web sitesine gidildi.  
2023-08-23 10:17:34,575 INFO  [Log] Turkcell web sitesine gidildi. 
2023-08-23 10:17:35,187 INFO  [Log] Web sitesi kapatıldı. 
2023-08-23 10:17:41,613 INFO  [Log]  Turkcell web sitesine gidildi.  
2023-08-23 10:18:24,868 INFO  [Log] Turkcell web sitesine gidildi. 
2023-08-23 10:18:30,282 INFO  [Log]  Turkcell web sitesine gidildi.  
2023-08-23 10:18:47,940 INFO  [Log] Turkcell web sitesine gidildi. 
2023-08-23 10:18:48,043 INFO  [Log]  Turkcell web sitesine gidildi.  
2023-08-23 10:18:59,118 INFO  [Log] Web sitesi kapatıldı. 
2023-08-23 11:03:51,137 INFO  [Log] Turkcell web sitesine gidildi. 
2023-08-23 11:03:51,303 INFO  [Log]  Turkcell web sitesine gidildi.  
2023-08-23 11:04:05,330 INFO  [Log] Web sitesi kapatıldı. 
2023-08-23 11:08:52,216 INFO  [Log] Turkcell web sitesine gidildi. 
2023-08-23 11:08:52,373 INFO  [Log]  Turkcell web sitesine gidildi.  
2023-08-23 11:09:21,888 INFO  [Log] Web sitesi kapatıldı. 
2023-08-24 13:42:48,643 INFO  [Log] Turkcell web sitesine gidildi. 
2023-08-24 13:42:48,762 INFO  [Log]  Turkcell web sitesine gidildi.  
2023-08-24 13:43:10,059 INFO  [Log] Turkcell web sitesine gidildi. 
2023-08-24 13:43:10,202 INFO  [Log]  Turkcell web sitesine gidildi.  
2023-08-24 13:43:21,861 INFO  [Log] Web sitesi kapatıldı. 
2023-08-24 13:43:35,559 INFO  [Log] Turkcell web sitesine gidildi. 
2023-08-24 13:43:35,689 INFO  [Log]  Turkcell web sitesine gidildi.  
2023-08-24 13:44:03,867 INFO  [Log] Turkcell web sitesine gidildi. 
2023-08-24 13:44:04,002 INFO  [Log]  Turkcell web sitesine gidildi.  
2023-08-24 13:45:22,128 INFO  [Log] Web sitesi kapatıldı. 
2023-08-24 13:45:54,392 INFO  [Log] Turkcell web sitesine gidildi. 
2023-08-24 13:45:54,524 INFO  [Log]  Turkcell web sitesine gidildi.  
2023-08-24 13:49:22,186 INFO  [Log] Turkcell web sitesine gidildi. 
2023-08-24 13:49:22,315 INFO  [Log]  Turkcell web sitesine gidildi.  
2023-08-24 13:50:02,421 INFO  [Log] Web sitesi kapatıldı. 
2023-08-25 14:10:29,205 INFO  [Log] Turkcell web sitesine gidildi. 
2023-08-25 14:10:29,576 INFO  [Log]  Turkcell web sitesine gidildi.  
2023-08-25 14:10:31,315 INFO  [Log] Web sitesi kapatıldı. 
2023-08-29 13:40:51,922 INFO  [Log] Turkcell web sitesine gidildi. 
2023-08-29 13:42:35,494 INFO  [Log] Turkcell web sitesine gidildi. 
2023-08-29 13:42:37,378 INFO  [Log] Web sitesi kapatıldı. 
2023-08-29 13:58:59,851 INFO  [Log] Turkcell web sitesine gidildi. 
2023-08-29 13:59:01,347 INFO  [Log] Web sitesi kapatıldı. 
2023-08-29 13:59:50,630 INFO  [Log] Turkcell web sitesine gidildi. 
2023-08-29 13:59:52,206 INFO  [Log] Web sitesi kapatıldı. 
2023-08-29 14:01:09,013 INFO  [Log] Turkcell web sitesine gidildi. 
2023-08-29 14:01:24,348 INFO  [Log] Web sitesi kapatıldı. 
2023-08-29 14:02:17,213 INFO  [Log] Turkcell web sitesine gidildi. 
2023-08-29 14:02:22,513 INFO  [Log]  Popup çıkmadı.  
2023-08-29 14:02:24,003 INFO  [Log] Web sitesi kapatıldı. 
2023-08-29 14:06:37,108 INFO  [Log] Turkcell web sitesine gidildi. 
2023-08-29 14:07:14,628 INFO  [Log] Web sitesi kapatıldı. 
2023-08-29 14:08:19,858 INFO  [Log] Turkcell web sitesine gidildi. 
2023-08-29 14:08:21,820 INFO  [Log] Web sitesi kapatıldı. 
2023-08-29 14:27:23,714 INFO  [Log] Turkcell web sitesine gidildi. 
2023-08-29 14:27:25,445 INFO  [Log] Web sitesi kapatıldı. 
2023-08-29 14:29:09,336 INFO  [Log] Turkcell web sitesine gidildi. 
2023-08-29 14:57:07,889 INFO  [Log] Turkcell web sitesine gidildi. 
2023-08-29 14:57:09,481 INFO  [Log] Web sitesi kapatıldı. 
2023-08-29 14:58:58,426 INFO  [Log] Turkcell web sitesine gidildi. 
2023-08-29 14:59:31,384 INFO  [Log] Web sitesi kapatıldı. 
2023-08-29 15:34:53,225 INFO  [Log] Turkcell web sitesine gidildi. 
2023-08-29 15:34:54,770 INFO  [Log] Web sitesi kapatıldı. 
2023-08-29 15:39:24,351 INFO  [Log] Turkcell web sitesine gidildi. 
2023-08-29 15:39:46,441 INFO  [Log] Web sitesi kapatıldı. 
2023-08-29 15:44:38,698 INFO  [Log] Turkcell web sitesine gidildi. 
2023-08-29 15:44:40,333 INFO  [Log] Web sitesi kapatıldı. 
2023-08-29 15:58:10,664 INFO  [Log] Turkcell web sitesine gidildi. 
2023-08-29 15:58:13,066 INFO  [Log] Web sitesi kapatıldı. 
2023-08-29 16:07:47,900 INFO  [Log] Turkcell web sitesine gidildi. 
2023-08-29 16:07:49,428 INFO  [Log] Web sitesi kapatıldı. 
2023-08-29 16:11:06,283 INFO  [Log] Turkcell web sitesine gidildi. 
2023-08-29 16:11:07,830 INFO  [Log] Web sitesi kapatıldı. 
2023-08-29 16:16:23,802 INFO  [Log] Turkcell web sitesine gidildi. 
2023-08-29 16:16:29,610 INFO  [Log]  Popup çıkmadı.  
2023-08-29 16:16:50,923 INFO  [Log] Web sitesi kapatıldı. 
2023-08-29 16:21:34,953 INFO  [Log] Turkcell web sitesine gidildi. 
2023-08-29 16:21:36,525 INFO  [Log] Web sitesi kapatıldı. 
2023-08-29 16:24:07,221 INFO  [Log] Turkcell web sitesine gidildi. 
2023-08-29 16:24:08,075 INFO  [Log]  Hızlı giriş sayfası açıldı.  
2023-08-29 16:24:24,295 INFO  [Log]  Popup kapatıldı.  
2023-08-29 16:24:29,489 INFO  [Log]  Kullanıcı başarılı bir şekilde giriş yaptı. 
2023-08-29 16:24:30,284 INFO  [Log] Web sitesi kapatıldı. 
2023-08-29 16:25:28,946 INFO  [Log] Turkcell web sitesine gidildi. 
2023-08-29 16:25:29,720 INFO  [Log]  Hızlı giriş sayfası açıldı.  
2023-08-29 16:25:43,122 INFO  [Log]  Web sitesi kapatıldı. 
2023-08-29 16:29:46,591 INFO  [Log] Turkcell web sitesine gidildi. 
2023-08-29 16:29:47,411 INFO  [Log]  Hızlı giriş sayfası açıldı.  
2023-08-29 16:30:03,901 INFO  [Log]  Kullanıcı başarılı bir şekilde giriş yaptı. 
2023-08-29 16:30:18,767 INFO  [Log]  Web sitesi kapatıldı. 
2023-08-29 16:32:53,685 INFO  [Log] Turkcell web sitesine gidildi. 
2023-08-29 16:32:54,487 INFO  [Log]  Hızlı giriş sayfası açıldı.  
2023-08-29 16:33:47,528 INFO  [Log] Turkcell web sitesine gidildi. 
2023-08-29 16:33:49,863 INFO  [Log]  Hızlı giriş sayfası açıldı.  
2023-08-29 16:34:16,891 INFO  [Log]  Web sitesi kapatıldı. 
2023-08-29 16:34:55,821 INFO  [Log] Turkcell web sitesine gidildi. 
2023-08-29 16:34:58,041 INFO  [Log]  Hızlı giriş sayfası açıldı.  
2023-08-29 16:36:12,271 INFO  [Log]  Kullanıcı başarılı bir şekilde giriş yaptı. 
2023-08-29 16:36:18,264 INFO  [Log]  Hesabım dropdown menüsü açıldı.  
2023-08-29 16:36:20,656 INFO  [Log]  Yeni meslek bilgisi girildi.  
2023-08-29 16:36:37,771 INFO  [Log]  Web sitesi kapatıldı. 
2023-08-29 16:38:58,437 INFO  [Log] Turkcell web sitesine gidildi. 
2023-08-29 16:38:59,921 INFO  [Log]  Hızlı giriş sayfası açıldı.  
2023-08-29 16:39:23,797 INFO  [Log]  Web sitesi kapatıldı. 
2023-08-29 16:40:29,033 INFO  [Log] Turkcell web sitesine gidildi. 
2023-08-29 16:40:30,757 INFO  [Log]  Hızlı giriş sayfası açıldı.  
2023-08-29 16:40:59,859 INFO  [Log]  Kullanıcı başarılı bir şekilde giriş yaptı. 
2023-08-29 16:41:09,235 INFO  [Log]  Hesabım dropdown menüsü açıldı.  
2023-08-29 16:41:11,376 INFO  [Log]  Yeni meslek bilgisi girildi.  
2023-08-29 16:41:28,194 INFO  [Log]  Web sitesi kapatıldı. 
2023-08-29 16:42:04,265 INFO  [Log] Turkcell web sitesine gidildi. 
2023-08-29 16:42:05,748 INFO  [Log]  Hızlı giriş sayfası açıldı.  
2023-08-29 16:42:28,955 INFO  [Log]  Web sitesi kapatıldı. 
2023-08-29 16:57:48,653 INFO  [Log] Turkcell web sitesine gidildi. 
2023-08-29 16:57:50,239 INFO  [Log]  Hızlı giriş sayfası açıldı.  
2023-08-29 16:58:14,066 INFO  [Log]  Web sitesi kapatıldı. 
2023-08-29 16:59:35,470 INFO  [Log] Turkcell web sitesine gidildi. 
2023-08-29 16:59:36,974 INFO  [Log]  Hızlı giriş sayfası açıldı.  
2023-08-29 17:00:21,620 INFO  [Log]  Web sitesi kapatıldı. 
2023-08-29 17:03:49,986 INFO  [Log] Turkcell web sitesine gidildi. 
2023-08-29 17:03:51,994 INFO  [Log]  Hızlı giriş sayfası açıldı.  
2023-08-29 17:04:26,977 INFO  [Log]  Popup kapatıldı.  
2023-08-29 17:04:33,345 INFO  [Log]  Kullanıcı başarılı bir şekilde giriş yaptı. 
2023-08-29 17:04:41,277 INFO  [Log]  Hesabım dropdown menüsü açıldı.  
2023-08-29 17:04:43,794 INFO  [Log]  Yeni meslek bilgisi girildi.  
2023-08-29 17:04:49,303 INFO  [Log]  Meslek bilgisi başarılı bir şekilde güncellendi.  
2023-08-29 17:04:50,421 INFO  [Log]  Web sitesi kapatıldı. 
2023-08-29 17:06:48,284 INFO  [Log]  Turkcell web sitesine gidildi.  
2023-08-29 17:06:49,761 INFO  [Log]  Hızlı giriş sayfası açıldı.  
2023-08-29 17:07:20,285 INFO  [Log]  Popup kapatıldı.  
2023-08-29 17:07:26,620 INFO  [Log]  Kullanıcı başarılı bir şekilde giriş yaptı. 
2023-08-29 17:07:34,088 INFO  [Log]  Bilgisayar-Tablet bölümüne girildi. 
2023-08-29 17:07:49,471 INFO  [Log]  En Yüksek Fiyat seçeneği seçildi. 
2023-08-29 17:07:54,196 INFO  [Log] Fiyat Listesi: [109.99901 , 105.999 , 101.999 , 99.999 , 96.999 , 96.999 , 94.999 , 89.999 , 89.999 , 84.999 , 83.629 , 81.999 , 80.98635 , 75.999 , 69.999 , 69.999 , 66.99999 , 64.999 , 64.999 , 64.099 , 61.999 , 59.999 , 59.999 , 59.999 , 58.999 , 57.999 , 56.999 , 56.599 , 55.499 , 54.999 , 54.10864 , 53.499] 
2023-08-29 17:07:59,283 INFO  [Log]  Web sitesi kapatıldı.  
2023-08-29 17:09:38,927 INFO  [Log]  Turkcell web sitesine gidildi.  
2023-08-29 17:09:41,088 INFO  [Log]  Hızlı giriş sayfası açıldı.  
2023-08-29 17:10:11,034 INFO  [Log]  Popup kapatıldı.  
2023-08-29 17:10:17,449 INFO  [Log]  Kullanıcının başarılı bir şekilde sisteme giriş yaptığı doğrulandı.  
2023-08-29 17:10:21,063 INFO  [Log]  Bilgisayar-Tablet bölümüne girildi. 
2023-08-29 17:10:33,944 INFO  [Log]  En Yüksek Fiyat seçeneği seçildi. 
2023-08-29 17:10:37,171 INFO  [Log]  Fiyat Listesi: [109.99901 , 105.999 , 101.999 , 99.999 , 96.999 , 96.999 , 94.999 , 89.999 , 89.999 , 84.999 , 83.629 , 81.999 , 80.98635 , 75.999 , 69.999 , 69.999 , 66.99999 , 64.999 , 64.999 , 64.099 , 61.999 , 59.999 , 59.999 , 59.999 , 58.999 , 57.999 , 56.999 , 56.599 , 55.499 , 54.999 , 54.10864 , 53.499] 
2023-08-29 17:10:42,225 INFO  [Log]  Web sitesi kapatıldı.  
2023-08-31 22:50:13,771 INFO  [Log]  Turkcell web sitesine gidildi.  
2023-08-31 22:50:15,565 INFO  [Log]  Hızlı giriş sayfası açıldı.  
2023-08-31 22:50:28,800 INFO  [Log]  Popup çıkmadı.  
2023-08-31 22:50:35,174 INFO  [Log]  Kullanıcının başarılı bir şekilde sisteme giriş yaptığı doğrulandı.  
2023-08-31 22:50:36,287 INFO  [Log]  Web sitesi kapatıldı.  
2023-08-31 22:52:26,553 INFO  [Log]  Turkcell web sitesine gidildi.  
2023-08-31 22:52:28,075 INFO  [Log]  Hızlı giriş sayfası açıldı.  
2023-08-31 22:52:44,435 INFO  [Log]  Popup çıkmadı.  
2023-08-31 22:52:50,849 INFO  [Log]  Kullanıcının başarılı bir şekilde sisteme giriş yaptığı doğrulandı.  
2023-08-31 22:52:56,830 INFO  [Log]  Hesabım dropdown menüsü açıldı.  
2023-08-31 22:52:59,221 INFO  [Log]  Yeni meslek bilgisi girildi.  
2023-08-31 22:53:02,829 INFO  [Log]  Meslek bilgisi başarılı bir şekilde güncellendi.  
2023-08-31 22:53:04,013 INFO  [Log]  Web sitesi kapatıldı.  
2023-08-31 22:53:41,649 INFO  [Log]  Turkcell web sitesine gidildi.  
2023-08-31 22:53:43,060 INFO  [Log]  Hızlı giriş sayfası açıldı.  
2023-08-31 22:53:59,002 INFO  [Log]  Popup çıkmadı.  
2023-08-31 22:54:05,431 INFO  [Log]  Kullanıcının başarılı bir şekilde sisteme giriş yaptığı doğrulandı.  
2023-08-31 22:54:11,321 INFO  [Log]  Hesabım dropdown menüsü açıldı.  
2023-08-31 22:54:13,469 INFO  [Log]  Yeni meslek bilgisi girildi.  
2023-08-31 22:54:17,053 INFO  [Log]  Meslek bilgisi başarılı bir şekilde güncellendi.  
2023-08-31 22:54:18,167 INFO  [Log]  Web sitesi kapatıldı.  
2023-08-31 22:55:46,963 INFO  [Log]  Turkcell web sitesine gidildi.  
2023-08-31 22:55:48,572 INFO  [Log]  Hızlı giriş sayfası açıldı.  
2023-08-31 22:56:22,249 INFO  [Log]  Popup kapatıldı.  
2023-08-31 22:56:28,639 INFO  [Log]  Kullanıcının başarılı bir şekilde sisteme giriş yaptığı doğrulandı.  
2023-08-31 22:56:35,805 INFO  [Log]  Bilgisayar-Tablet bölümüne girildi. 
2023-08-31 22:56:51,881 INFO  [Log]  En Yüksek Fiyat seçeneği seçildi. 
2023-08-31 22:56:55,392 INFO  [Log]  Fiyat Listesi: [109.99901 , 105.999 , 101.999 , 99.999 , 96.999 , 96.999 , 94.999 , 89.999 , 89.999 , 84.999 , 83.629 , 81.999 , 80.98635 , 75.999 , 75.999 , 69.999 , 69.999 , 66.99999 , 64.999 , 64.999 , 64.099 , 61.999 , 59.999 , 59.999 , 58.999 , 57.999 , 56.999 , 56.599 , 55.499 , 54.999 , 54.457 , 53.499 , 53.499] 
2023-08-31 22:57:00,539 INFO  [Log]  Web sitesi kapatıldı.  
